{
  "stats": {
    "suites": 1,
    "tests": 2,
    "passes": 2,
    "pending": 0,
    "failures": 0,
    "start": "2026-01-30T16:16:48.354Z",
    "end": "2026-01-30T16:16:50.509Z",
    "duration": 2155,
    "testsRegistered": 2,
    "passPercent": 100,
    "pendingPercent": 0,
    "other": 0,
    "hasOther": false,
    "skipped": 0,
    "hasSkipped": false
  },
  "results": [
    {
      "uuid": "d061286d-0b7e-48c2-a1a1-284848762223",
      "title": "",
      "fullFile": "cypress/e2e/smoke.cy.ts",
      "file": "cypress/e2e/smoke.cy.ts",
      "beforeHooks": [],
      "afterHooks": [],
      "tests": [],
      "suites": [
        {
          "uuid": "8c9520fc-b221-4a16-820f-6767ef4238de",
          "title": "Smoke tests",
          "fullFile": "",
          "file": "",
          "beforeHooks": [],
          "afterHooks": [],
          "tests": [
            {
              "title": "verify login inputs and buttons",
              "fullTitle": "Smoke tests verify login inputs and buttons",
              "timedOut": null,
              "duration": 875,
              "state": "passed",
              "speed": "fast",
              "pass": true,
              "fail": false,
              "pending": false,
              "context": null,
              "code": "cy.visit('/login').then(() => cy.url().should('include', '/login'));\ncy.getByData(\"login-input-username\").should('be.visible');\ncy.getByData(\"login-input-password\").should('be.visible');\ncy.getByData(\"login-submit\").should('be.visible');",
              "err": {},
              "uuid": "b4ba0a98-3282-43ac-a645-f96f535a9548",
              "parentUUID": "8c9520fc-b221-4a16-820f-6767ef4238de",
              "isHook": false,
              "skipped": false
            },
            {
              "title": "verify add to cart button when logged in",
              "fullTitle": "Smoke tests verify add to cart button when logged in",
              "timedOut": null,
              "duration": 1134,
              "state": "passed",
              "speed": "fast",
              "pass": true,
              "fail": false,
              "pending": false,
              "context": null,
              "code": "// Log in\ncy.request('POST', 'http://localhost:8081/login', {\n    username: user.username,\n    password: user.password\n}).then((res) => {\n    expect(res.status).to.eq(200);\n    const token = res.body.token;\n    cy.visit('/products', {\n        onBeforeLoad(win) {\n            win.localStorage.setItem('token', token);\n        }\n    }).then(() => cy.url().should('include', '/products'));\n    // Verify add to cart button\n    cy.getByData(\"product\").first().as('firstProduct');\n    cy.get('@firstProduct')\n        .find('[data-cy=\"product-link\"]')\n        .should('be.visible');\n});",
              "err": {},
              "uuid": "ad7a8324-665d-4436-b0f9-acbec841b169",
              "parentUUID": "8c9520fc-b221-4a16-820f-6767ef4238de",
              "isHook": false,
              "skipped": false
            }
          ],
          "suites": [],
          "passes": [
            "b4ba0a98-3282-43ac-a645-f96f535a9548",
            "ad7a8324-665d-4436-b0f9-acbec841b169"
          ],
          "failures": [],
          "pending": [],
          "skipped": [],
          "duration": 2009,
          "root": false,
          "rootEmpty": false,
          "_timeout": 2000
        }
      ],
      "passes": [],
      "failures": [],
      "pending": [],
      "skipped": [],
      "duration": 0,
      "root": true,
      "rootEmpty": true,
      "_timeout": 2000
    }
  ],
  "meta": {
    "mocha": {
      "version": "7.2.0"
    },
    "mochawesome": {
      "options": {
        "quiet": false,
        "reportFilename": "mochawesome",
        "saveHtml": false,
        "saveJson": true,
        "consoleReporter": "spec",
        "useInlineDiffs": false,
        "code": true
      },
      "version": "7.1.4"
    },
    "marge": {
      "options": {
        "reportDir": "cypress/results",
        "overwrite": false,
        "html": false,
        "json": true
      },
      "version": "6.3.2"
    }
  }
}